<?xml version="1.0" encoding="UTF-8"?>
<!-- Generated by org.testng.reporters.JUnitReportReporter -->
<testsuite hostname="LAPTOP-DA570GJ2" failures="0" tests="1" name="com.stepDefinition.stepDefinitions" time="19.888" errors="0" timestamp="2024-07-18T00:12:14 IST" skipped="0">
  <testcase classname="com.stepDefinition.stepDefinitions" name="setUp" time="19.888"/>
  <system-out/>
</testsuite> <!-- com.stepDefinition.stepDefinitions -->
