<?xml version="1.0" encoding="UTF-8"?>
<!-- Generated by org.testng.reporters.JUnitReportReporter -->
<testsuite hostname="LAPTOP-DA570GJ2" failures="0" tests="1" name="com.runnerClass.CucumberRunnerTests" time="12.198" errors="0" timestamp="2024-07-18T00:42:36 IST" skipped="0">
  <testcase classname="com.runnerClass.CucumberRunnerTests" name="runScenario" time="12.198"/>
  <system-out/>
</testsuite> <!-- com.runnerClass.CucumberRunnerTests -->
